<?xml version="1.0" encoding="UTF-8"?>
<!-- Generated by org.testng.reporters.JUnitXMLReporter -->
<<<<<<< HEAD
<testsuite hostname="CSCINDAH504272" ignored="0" name="Test5" tests="1" failures="0" timestamp="02 Aug 2017 11:06:49 GMT" time="54.975" errors="0">
  <testcase name="hover" time="51.468" classname="tests.GR_Hover_Test"/>
=======
<<<<<<< HEAD
<testsuite hostname="CSCINDAE740954" ignored="0" name="Test5" tests="1" failures="1" timestamp="26 Jul 2017 07:32:18 GMT" time="1.254" errors="0">
  <testcase name="@AfterMethod clearCookies" time="0.0" classname="projectFactory.DriverFactory">
    <failure type="org.openqa.selenium.SessionNotCreatedException" message="Unable to find a matching set of capabilities
Build info: version: &amp;apos;3.4.0&amp;apos;, revision: &amp;apos;unknown&amp;apos;, time: &amp;apos;unknown&amp;apos;
System info: host: &amp;apos;CSCINDAE740954&amp;apos;, ip: &amp;apos;20.201.67.111&amp;apos;, os.name: &amp;apos;Windows 7&amp;apos;, os.arch: &amp;apos;amd64&amp;apos;, os.version: &amp;apos;6.1&amp;apos;, java.version: &amp;apos;1.8.0_141&amp;apos;
Driver info: driver.version: FirefoxDriver
remote stacktrace: stack backtrace:
   0:           0x4bb74f - &amp;lt;no info&amp;gt;
   1:           0x4bbea9 - &amp;lt;no info&amp;gt;
   2:           0x43df94 - &amp;lt;no info&amp;gt;
   3:           0x447acf - &amp;lt;no info&amp;gt;
   4:           0x4203e1 - &amp;lt;no info&amp;gt;
   5:           0x407dc7 - &amp;lt;no info&amp;gt;
   6:           0x6d95b9 - &amp;lt;no info&amp;gt;
   7:           0x4173a7 - &amp;lt;no info&amp;gt;
   8:           0x6d38b3 - &amp;lt;no info&amp;gt;
   9:         0x771559cd - BaseThreadInitThunk">
      <![CDATA[org.openqa.selenium.SessionNotCreatedException: Unable to find a matching set of capabilities
Build info: version: '3.4.0', revision: 'unknown', time: 'unknown'
System info: host: 'CSCINDAE740954', ip: '20.201.67.111', os.name: 'Windows 7', os.arch: 'amd64', os.version: '6.1', java.version: '1.8.0_141'
Driver info: driver.version: FirefoxDriver
remote stacktrace: stack backtrace:
   0:           0x4bb74f - <no info>
   1:           0x4bbea9 - <no info>
   2:           0x43df94 - <no info>
   3:           0x447acf - <no info>
   4:           0x4203e1 - <no info>
   5:           0x407dc7 - <no info>
   6:           0x6d95b9 - <no info>
   7:           0x4173a7 - <no info>
   8:           0x6d38b3 - <no info>
   9:         0x771559cd - BaseThreadInitThunk
	at org.openqa.selenium.remote.W3CHandshakeResponse.lambda$new$0(W3CHandshakeResponse.java:57)
	at org.openqa.selenium.remote.W3CHandshakeResponse.lambda$getResponseFunction$2(W3CHandshakeResponse.java:104)
	at org.openqa.selenium.remote.ProtocolHandshake.lambda$createSession$22(ProtocolHandshake.java:365)
	at java.util.stream.ReferencePipeline$3$1.accept(Unknown Source)
	at java.util.Spliterators$ArraySpliterator.tryAdvance(Unknown Source)
	at java.util.stream.ReferencePipeline.forEachWithCancel(Unknown Source)
	at java.util.stream.AbstractPipeline.copyIntoWithCancel(Unknown Source)
	at java.util.stream.AbstractPipeline.copyInto(Unknown Source)
	at java.util.stream.AbstractPipeline.wrapAndCopyInto(Unknown Source)
	at java.util.stream.FindOps$FindOp.evaluateSequential(Unknown Source)
	at java.util.stream.AbstractPipeline.evaluate(Unknown Source)
	at java.util.stream.ReferencePipeline.findFirst(Unknown Source)
	at org.openqa.selenium.remote.ProtocolHandshake.createSession(ProtocolHandshake.java:368)
	at org.openqa.selenium.remote.ProtocolHandshake.createSession(ProtocolHandshake.java:159)
	at org.openqa.selenium.remote.HttpCommandExecutor.execute(HttpCommandExecutor.java:142)
	at org.openqa.selenium.remote.service.DriverCommandExecutor.execute(DriverCommandExecutor.java:82)
	at org.openqa.selenium.remote.RemoteWebDriver.execute(RemoteWebDriver.java:637)
	at org.openqa.selenium.remote.RemoteWebDriver.startSession(RemoteWebDriver.java:250)
	at org.openqa.selenium.remote.RemoteWebDriver.startSession(RemoteWebDriver.java:236)
	at org.openqa.selenium.remote.RemoteWebDriver.<init>(RemoteWebDriver.java:137)
	at org.openqa.selenium.firefox.FirefoxDriver.<init>(FirefoxDriver.java:191)
	at org.openqa.selenium.firefox.FirefoxDriver.<init>(FirefoxDriver.java:108)
	at org.openqa.selenium.firefox.FirefoxDriver.<init>(FirefoxDriver.java:137)
	at projectConfig.DriverType$1.getWebDriverObject(DriverType.java:30)
	at projectFactory.WebDriverThread.instantiateWebDriver(WebDriverThread.java:84)
	at projectFactory.WebDriverThread.getDriver(WebDriverThread.java:36)
	at projectFactory.DriverFactory.getDriver(DriverFactory.java:69)
	at projectFactory.DriverFactory.clearCookies(DriverFactory.java:86)
	at java.util.concurrent.ThreadPoolExecutor.runWorker(Unknown Source)
	at java.util.concurrent.ThreadPoolExecutor$Worker.run(Unknown Source)
	at java.lang.Thread.run(Unknown Source)
... Removed 16 stack frames]]>
    </failure>
  </testcase> <!-- @AfterMethod clearCookies -->
  <testcase name="FB" time="0.643" classname="tests.TC6_GR_FB_Account2">
    <failure type="org.openqa.selenium.SessionNotCreatedException" message="Unable to find a matching set of capabilities
Build info: version: &amp;apos;3.4.0&amp;apos;, revision: &amp;apos;unknown&amp;apos;, time: &amp;apos;unknown&amp;apos;
System info: host: &amp;apos;CSCINDAE740954&amp;apos;, ip: &amp;apos;20.201.67.111&amp;apos;, os.name: &amp;apos;Windows 7&amp;apos;, os.arch: &amp;apos;amd64&amp;apos;, os.version: &amp;apos;6.1&amp;apos;, java.version: &amp;apos;1.8.0_141&amp;apos;
Driver info: driver.version: FirefoxDriver
remote stacktrace: stack backtrace:
   0:           0x4bb74f - &amp;lt;no info&amp;gt;
   1:           0x4bbea9 - &amp;lt;no info&amp;gt;
   2:           0x43df94 - &amp;lt;no info&amp;gt;
   3:           0x447acf - &amp;lt;no info&amp;gt;
   4:           0x4203e1 - &amp;lt;no info&amp;gt;
   5:           0x407dc7 - &amp;lt;no info&amp;gt;
   6:           0x6d95b9 - &amp;lt;no info&amp;gt;
   7:           0x4173a7 - &amp;lt;no info&amp;gt;
   8:           0x6d38b3 - &amp;lt;no info&amp;gt;
   9:         0x771559cd - BaseThreadInitThunk">
      <![CDATA[org.openqa.selenium.SessionNotCreatedException: Unable to find a matching set of capabilities
Build info: version: '3.4.0', revision: 'unknown', time: 'unknown'
System info: host: 'CSCINDAE740954', ip: '20.201.67.111', os.name: 'Windows 7', os.arch: 'amd64', os.version: '6.1', java.version: '1.8.0_141'
Driver info: driver.version: FirefoxDriver
remote stacktrace: stack backtrace:
   0:           0x4bb74f - <no info>
   1:           0x4bbea9 - <no info>
   2:           0x43df94 - <no info>
   3:           0x447acf - <no info>
   4:           0x4203e1 - <no info>
   5:           0x407dc7 - <no info>
   6:           0x6d95b9 - <no info>
   7:           0x4173a7 - <no info>
   8:           0x6d38b3 - <no info>
   9:         0x771559cd - BaseThreadInitThunk
	at org.openqa.selenium.remote.W3CHandshakeResponse.lambda$new$0(W3CHandshakeResponse.java:57)
	at org.openqa.selenium.remote.W3CHandshakeResponse.lambda$getResponseFunction$2(W3CHandshakeResponse.java:104)
	at org.openqa.selenium.remote.ProtocolHandshake.lambda$createSession$22(ProtocolHandshake.java:365)
	at java.util.stream.ReferencePipeline$3$1.accept(Unknown Source)
	at java.util.Spliterators$ArraySpliterator.tryAdvance(Unknown Source)
	at java.util.stream.ReferencePipeline.forEachWithCancel(Unknown Source)
	at java.util.stream.AbstractPipeline.copyIntoWithCancel(Unknown Source)
	at java.util.stream.AbstractPipeline.copyInto(Unknown Source)
	at java.util.stream.AbstractPipeline.wrapAndCopyInto(Unknown Source)
	at java.util.stream.FindOps$FindOp.evaluateSequential(Unknown Source)
	at java.util.stream.AbstractPipeline.evaluate(Unknown Source)
	at java.util.stream.ReferencePipeline.findFirst(Unknown Source)
	at org.openqa.selenium.remote.ProtocolHandshake.createSession(ProtocolHandshake.java:368)
	at org.openqa.selenium.remote.ProtocolHandshake.createSession(ProtocolHandshake.java:159)
	at org.openqa.selenium.remote.HttpCommandExecutor.execute(HttpCommandExecutor.java:142)
	at org.openqa.selenium.remote.service.DriverCommandExecutor.execute(DriverCommandExecutor.java:82)
	at org.openqa.selenium.remote.RemoteWebDriver.execute(RemoteWebDriver.java:637)
	at org.openqa.selenium.remote.RemoteWebDriver.startSession(RemoteWebDriver.java:250)
	at org.openqa.selenium.remote.RemoteWebDriver.startSession(RemoteWebDriver.java:236)
	at org.openqa.selenium.remote.RemoteWebDriver.<init>(RemoteWebDriver.java:137)
	at org.openqa.selenium.firefox.FirefoxDriver.<init>(FirefoxDriver.java:191)
	at org.openqa.selenium.firefox.FirefoxDriver.<init>(FirefoxDriver.java:108)
	at org.openqa.selenium.firefox.FirefoxDriver.<init>(FirefoxDriver.java:137)
	at projectConfig.DriverType$1.getWebDriverObject(DriverType.java:30)
	at projectFactory.WebDriverThread.instantiateWebDriver(WebDriverThread.java:84)
	at projectFactory.WebDriverThread.getDriver(WebDriverThread.java:36)
	at projectFactory.DriverFactory.getDriver(DriverFactory.java:69)
	at tests.TC6_GR_FB_Account2.FB(TC6_GR_FB_Account2.java:44)
	at java.util.concurrent.ThreadPoolExecutor.runWorker(Unknown Source)
	at java.util.concurrent.ThreadPoolExecutor$Worker.run(Unknown Source)
	at java.lang.Thread.run(Unknown Source)
... Removed 14 stack frames]]>
    </failure>
  </testcase> <!-- FB -->
=======
<testsuite hostname="CSCINDAE684841" ignored="4" name="Test5" tests="3" failures="0" timestamp="26 Jul 2017 10:26:14 GMT" time="80.167" errors="0">
  <testcase name="FB" time="62.262" classname="tests.TC6_GR_FB_Account2"/>
  <testcase name="google_signup" time="3.607" classname="tests.TC1_Google_SignUp"/>
  <testcase name="FB" time="80.044" classname="tests.TC1_GR_FB_Account"/>
  <testcase name="@AfterSuite closeDriverObjects" time="0.0" classname="projectFactory.DriverFactory">
    <ignored/>
  </testcase> <!-- @AfterSuite closeDriverObjects -->
  <testcase name="@AfterSuite closeDriverObjects" time="0.0" classname="projectFactory.DriverFactory">
    <ignored/>
  </testcase> <!-- @AfterSuite closeDriverObjects -->
  <testcase name="@BeforeSuite instantiateDriverObject" time="0.0" classname="projectFactory.DriverFactory">
    <ignored/>
  </testcase> <!-- @BeforeSuite instantiateDriverObject -->
  <testcase name="@BeforeSuite instantiateDriverObject" time="0.0" classname="projectFactory.DriverFactory">
    <ignored/>
  </testcase> <!-- @BeforeSuite instantiateDriverObject -->
>>>>>>> 79e71242a5859b1f8b11f6b9a628d7f429434396
>>>>>>> d678d1e1e7b3ce328a745d8a34d6ebfe2d6a5b17
</testsuite> <!-- Test5 -->
